8:14:10 PM  [main] 	Initializing Control Panel
8:14:10 PM  [main] 	Windows Version:  Home  64-bit
8:14:10 PM  [main] 	XAMPP Version: 8.2.12
8:14:10 PM  [main] 	Control Panel Version: 3.3.0  [ Compiled: Apr 6th 2021 ]
8:14:10 PM  [main] 	Running with Administrator rights - good!
8:14:10 PM  [main] 	XAMPP Installation Directory: "c:\xampp\"
8:14:10 PM  [main] 	Checking for prerequisites
8:14:10 PM  [main] 	All prerequisites found
8:14:10 PM  [main] 	Initializing Modules
8:14:10 PM  [Apache] 	XAMPP Apache is already running on port 80
8:14:10 PM  [Apache] 	XAMPP Apache is already running on port 443
8:14:10 PM  [main] 	The FileZilla module is disabled
8:14:10 PM  [main] 	The Mercury module is disabled
8:14:10 PM  [main] 	The Tomcat module is disabled
8:14:10 PM  [main] 	Starting Check-Timer
8:14:10 PM  [main] 	Control Panel Ready
8:14:13 PM  [Apache] 	Attempting to stop Apache (PID: 13768)
8:14:13 PM  [Apache] 	Attempting to stop Apache (PID: 1180)
8:14:13 PM  [Apache] 	Status change detected: stopped
8:14:17 PM  [Apache] 	Installing service...
8:14:18 PM  [Apache] 	Successful!
8:14:20 PM  [mysql] 	Installing service...
8:14:20 PM  [mysql] 	Successful!
8:14:22 PM  [Apache] 	Attempting to start Apache service...
8:14:23 PM  [Apache] 	Status change detected: running
8:14:25 PM  [mysql] 	Attempting to start MySQL service...
8:14:25 PM  [mysql] 	Status change detected: running
8:14:32 PM  [mysql] 	Status change detected: stopped
8:14:32 PM  [mysql] 	Error: MySQL shutdown unexpectedly.
8:14:32 PM  [mysql] 	This may be due to a blocked port, missing dependencies, 
8:14:32 PM  [mysql] 	improper privileges, a crash, or a shutdown by another method.
8:14:32 PM  [mysql] 	Press the Logs button to view error logs and check
8:14:32 PM  [mysql] 	the Windows Event Viewer for more clues
8:14:32 PM  [mysql] 	If you need more help, copy and post this
8:14:32 PM  [mysql] 	entire log window on the forums
8:15:06 PM  [mysql] 	Attempting to start MySQL service...
8:15:06 PM  [mysql] 	Status change detected: running
8:15:13 PM  [mysql] 	Status change detected: stopped
8:15:13 PM  [mysql] 	Error: MySQL shutdown unexpectedly.
8:15:13 PM  [mysql] 	This may be due to a blocked port, missing dependencies, 
8:15:13 PM  [mysql] 	improper privileges, a crash, or a shutdown by another method.
8:15:13 PM  [mysql] 	Press the Logs button to view error logs and check
8:15:13 PM  [mysql] 	the Windows Event Viewer for more clues
8:15:13 PM  [mysql] 	If you need more help, copy and post this
8:15:13 PM  [mysql] 	entire log window on the forums
8:16:42 PM  [Apache] 	Status change detected: stopped
8:16:42 PM  [Apache] 	Error: Apache shutdown unexpectedly.
8:16:42 PM  [Apache] 	This may be due to a blocked port, missing dependencies, 
8:16:42 PM  [Apache] 	improper privileges, a crash, or a shutdown by another method.
8:16:42 PM  [Apache] 	Press the Logs button to view error logs and check
8:16:42 PM  [Apache] 	the Windows Event Viewer for more clues
8:16:42 PM  [Apache] 	If you need more help, copy and post this
8:16:42 PM  [Apache] 	entire log window on the forums
8:22:08 PM  [main] 	Deinitializing Modules
8:22:08 PM  [main] 	Deinitializing Control Panel

8:10:26 PM  [main] 	Initializing Control Panel
8:10:26 PM  [main] 	Windows Version:  Home  64-bit
8:10:26 PM  [main] 	XAMPP Version: 8.2.12
8:10:26 PM  [main] 	Control Panel Version: 3.3.0  [ Compiled: Apr 6th 2021 ]
8:10:26 PM  [main] 	You are not running with administrator rights! This will work for
8:10:26 PM  [main] 	most application stuff but whenever you do something with services
8:10:26 PM  [main] 	there will be a security dialogue or things will break! So think 
8:10:26 PM  [main] 	about running this application with administrator rights!
8:10:26 PM  [main] 	XAMPP Installation Directory: "c:\xampp\"
8:10:26 PM  [main] 	Checking for prerequisites
8:10:26 PM  [main] 	All prerequisites found
8:10:26 PM  [main] 	Initializing Modules
8:10:26 PM  [main] 	The FileZilla module is disabled
8:10:26 PM  [main] 	The Mercury module is disabled
8:10:26 PM  [main] 	The Tomcat module is disabled
8:10:26 PM  [main] 	Starting Check-Timer
8:10:26 PM  [main] 	Control Panel Ready
8:10:28 PM  [mysql] 	Attempting to start MySQL app...
8:10:29 PM  [mysql] 	Status change detected: running
8:10:29 PM  [mysql] 	Status change detected: stopped
8:10:29 PM  [mysql] 	Error: MySQL shutdown unexpectedly.
8:10:29 PM  [mysql] 	This may be due to a blocked port, missing dependencies, 
8:10:29 PM  [mysql] 	improper privileges, a crash, or a shutdown by another method.
8:10:29 PM  [mysql] 	Press the Logs button to view error logs and check
8:10:29 PM  [mysql] 	the Windows Event Viewer for more clues
8:10:29 PM  [mysql] 	If you need more help, copy and post this
8:10:29 PM  [mysql] 	entire log window on the forums
8:10:36 PM  [Apache] 	Attempting to start Apache app...
8:10:36 PM  [Apache] 	Status change detected: running
8:10:37 PM  [mysql] 	Attempting to start MySQL app...
8:10:38 PM  [mysql] 	Status change detected: running
8:10:39 PM  [mysql] 	Status change detected: stopped
8:10:39 PM  [mysql] 	Error: MySQL shutdown unexpectedly.
8:10:39 PM  [mysql] 	This may be due to a blocked port, missing dependencies, 
8:10:39 PM  [mysql] 	improper privileges, a crash, or a shutdown by another method.
8:10:39 PM  [mysql] 	Press the Logs button to view error logs and check
8:10:39 PM  [mysql] 	the Windows Event Viewer for more clues
8:10:39 PM  [mysql] 	If you need more help, copy and post this
8:10:39 PM  [mysql] 	entire log window on the forums
8:13:22 PM  [main] 	Executing "c:\xampp\mysql"
8:13:53 PM  [mysql] 	Status change detected: running
8:13:54 PM  [mysql] 	Status change detected: stopped
8:13:54 PM  [mysql] 	Error: MySQL shutdown unexpectedly.
8:13:54 PM  [mysql] 	This may be due to a blocked port, missing dependencies, 
8:13:54 PM  [mysql] 	improper privileges, a crash, or a shutdown by another method.
8:13:54 PM  [mysql] 	Press the Logs button to view error logs and check
8:13:54 PM  [mysql] 	the Windows Event Viewer for more clues
8:13:54 PM  [mysql] 	If you need more help, copy and post this
8:13:54 PM  [mysql] 	entire log window on the forums
8:14:13 PM  [Apache] 	Status change detected: stopped
8:14:13 PM  [Apache] 	Error: Apache shutdown unexpectedly.
8:14:13 PM  [Apache] 	This may be due to a blocked port, missing dependencies, 
8:14:13 PM  [Apache] 	improper privileges, a crash, or a shutdown by another method.
8:14:13 PM  [Apache] 	Press the Logs button to view error logs and check
8:14:13 PM  [Apache] 	the Windows Event Viewer for more clues
8:14:13 PM  [Apache] 	If you need more help, copy and post this
8:14:13 PM  [Apache] 	entire log window on the forums
8:22:08 PM  [main] 	Deinitializing Modules
8:22:08 PM  [main] 	Deinitializing Control Panel

